<?xml version="1.0" encoding="UTF-8"?>
<testsuite xmlns:xsi="http://www.w3.org/2001/XMLSchema-instance" xsi:schemaLocation="https://maven.apache.org/surefire/maven-surefire-plugin/xsd/surefire-test-report.xsd" name="TestSuite" time="65.069" tests="1" errors="0" skipped="0" failures="0">
  <properties>
    <property name="java.vendor" value="Oracle Corporation"/>
    <property name="JOB_NAME" value="testNGProj"/>
    <property name="sun.java.launcher" value="SUN_STANDARD"/>
    <property name="NUMBER_OF_PROCESSORS" value="4"/>
    <property name="sun.management.compiler" value="HotSpot 64-Bit Tiered Compilers"/>
    <property name="JENKINS_HOME" value="C:\Users\nagaswetha.korlapati\.jenkins"/>
    <property name="FPS_BROWSER_USER_PROFILE_STRING" value="Default"/>
    <property name="HUDSON_SERVER_COOKIE" value="a6cc9c0d531912ae"/>
    <property name="POM_ARTIFACTID" value="testNG_Jenkins"/>
    <property name="os.name" value="Windows 10"/>
    <property name="sun.boot.class.path" value="C:\Program Files\Java\jdk1.8.0_211\jre\lib\resources.jar;C:\Program Files\Java\jdk1.8.0_211\jre\lib\rt.jar;C:\Program Files\Java\jdk1.8.0_211\jre\lib\sunrsasign.jar;C:\Program Files\Java\jdk1.8.0_211\jre\lib\jsse.jar;C:\Program Files\Java\jdk1.8.0_211\jre\lib\jce.jar;C:\Program Files\Java\jdk1.8.0_211\jre\lib\charsets.jar;C:\Program Files\Java\jdk1.8.0_211\jre\lib\jfr.jar;C:\Program Files\Java\jdk1.8.0_211\jre\classes"/>
    <property name="EXECUTOR_NUMBER" value="0"/>
    <property name="sun.desktop" value="windows"/>
    <property name="PATHEXT" value=".COM;.EXE;.BAT;.CMD;.VBS;.VBE;.JS;.JSE;.WSF;.WSH;.MSC"/>
    <property name="java.vm.specification.vendor" value="Oracle Corporation"/>
    <property name="POM_DISPLAYNAME" value="testNG_Jenkins"/>
    <property name="NODE_LABELS" value="master"/>
    <property name="TEMP" value="C:\Users\NAGASW~1.KOR\AppData\Local\Temp"/>
    <property name="java.runtime.version" value="1.8.0_211-b12"/>
    <property name="FPS_BROWSER_APP_PROFILE_STRING" value="Internet Explorer"/>
    <property name="user.name" value="nagaswetha.korlapati"/>
    <property name="guice.disable.misplaced.annotation.check" value="true"/>
    <property name="CommonProgramW6432" value="C:\Program Files\Common Files"/>
    <property name="QIP10824" value="0"/>
    <property name="ProgramFiles" value="C:\Program Files"/>
    <property name="PROMPT" value="$P$G"/>
    <property name="=A:" value="A:\"/>
    <property name="user.language" value="en"/>
    <property name="JOB_BASE_NAME" value="testNGProj"/>
    <property name="RUN_CHANGES_DISPLAY_URL" value="http://localhost:3124/job/testNGProj/9/display/redirect?page=changes"/>
    <property name="BUILD_DISPLAY_NAME" value="#9"/>
    <property name="OneDrive" value="C:\Users\nagaswetha.korlapati\OneDrive - Accenture"/>
    <property name="sun.boot.library.path" value="C:\Program Files\Java\jdk1.8.0_211\jre\bin"/>
    <property name="OneDriveCommercial" value="C:\Users\nagaswetha.korlapati\OneDrive - Accenture"/>
    <property name="LOCALAPPDATA" value="C:\Users\nagaswetha.korlapati\AppData\Local"/>
    <property name="java.version" value="1.8.0_211"/>
    <property name="PROCESSOR_LEVEL" value="21"/>
    <property name="user.timezone" value="Asia/Calcutta"/>
    <property name="USERNAME" value="nagaswetha.korlapati"/>
    <property name="sun.arch.data.model" value="64"/>
    <property name="NODE_NAME" value="master"/>
    <property name="java.endorsed.dirs" value="C:\Program Files\Java\jdk1.8.0_211\jre\lib\endorsed"/>
    <property name="BUILD_ID" value="9"/>
    <property name="sun.cpu.isalist" value="amd64"/>
    <property name="sun.jnu.encoding" value="Cp1252"/>
    <property name="file.encoding.pkg" value="sun.io"/>
    <property name="file.separator" value="\"/>
    <property name="java.specification.name" value="Java Platform API Specification"/>
    <property name="HOMEDRIVE" value="C:"/>
    <property name="maven.conf" value="C:\SeleniumSoftwares\apache-maven-3.6.2\conf"/>
    <property name="java.class.version" value="52.0"/>
    <property name="=::" value="::\"/>
    <property name="org.slf4j.simpleLogger.defaultLogLevel" value="info"/>
    <property name="user.country" value="US"/>
    <property name="ALLUSERSPROFILE" value="C:\ProgramData"/>
    <property name="java.home" value="C:\Program Files\Java\jdk1.8.0_211\jre"/>
    <property name="java.vm.info" value="mixed mode"/>
    <property name="os.version" value="10.0"/>
    <property name="RUN_DISPLAY_URL" value="http://localhost:3124/job/testNGProj/9/display/redirect"/>
    <property name="POM_VERSION" value="0.0.1-SNAPSHOT"/>
    <property name="TMP" value="C:\Users\NAGASW~1.KOR\AppData\Local\Temp"/>
    <property name="path.separator" value=";"/>
    <property name="java.vm.version" value="25.211-b12"/>
    <property name="user.variant" value=""/>
    <property name="JOB_DISPLAY_URL" value="http://localhost:3124/job/testNGProj/display/redirect"/>
    <property name="CommonProgramFiles(x86)" value="C:\Program Files (x86)\Common Files"/>
    <property name="USERDOMAIN_ROAMINGPROFILE" value="DIR"/>
    <property name="java.awt.printerjob" value="sun.awt.windows.WPrinterJob"/>
    <property name="JAVA_HOME" value="C:\Program Files\Java\jdk1.8.0_211"/>
    <property name="sun.io.unicode.encoding" value="UnicodeLittle"/>
    <property name="CommonProgramFiles" value="C:\Program Files\Common Files"/>
    <property name="ComSpec" value="C:\WINDOWS\system32\cmd.exe"/>
    <property name="awt.toolkit" value="sun.awt.windows.WToolkit"/>
    <property name="HOMEPATH" value="\Users\nagaswetha.korlapati"/>
    <property name="USERDNSDOMAIN" value="DIR.SVC.ACCENTURE.COM"/>
    <property name="POM_PACKAGING" value="jar"/>
    <property name="user.script" value=""/>
    <property name="COMPUTERNAME" value="HDC3-L-54850B4"/>
    <property name="POM_GROUPID" value="testNG_Jenkins"/>
    <property name="user.home" value="C:\Users\nagaswetha.korlapati"/>
    <property name="PUBLIC" value="C:\Users\Public"/>
    <property name="BUILD_TAG" value="jenkins-testNGProj-9"/>
    <property name="JENKINS_SERVER_COOKIE" value="a6cc9c0d531912ae"/>
    <property name="HUDSON_URL" value="http://localhost:3124/"/>
    <property name="ProgramData" value="C:\ProgramData"/>
    <property name="java.specification.vendor" value="Oracle Corporation"/>
    <property name="USERPROFILE" value="C:\Users\nagaswetha.korlapati"/>
    <property name="CLASSPATH" value=""/>
    <property name="java.vendor.url" value="http://java.oracle.com/"/>
    <property name="java.library.path" value="C:\Program Files\Java\jdk1.8.0_211\bin;C:\WINDOWS\Sun\Java\bin;C:\WINDOWS\system32;C:\WINDOWS;C:\SeleniumSoftwares\apache-maven-3.6.2\/bin;C:\Program Files\Java\jdk1.8.0_211/bin;C:\Program Files\Java\jdk1.8.0_211/bin;C:\Program Files (x86)\Common Files\Oracle\Java\javapath;\\dir.svc.accenture.com\SysVol\dir.svc.accenture.com\Policies\{346C6F64-D736-40DD-AA42-F50D440BA9B3}\Machine\Scripts\Startup;C:\Program Files\Java\jdk1.8.0_211\bin;C:\WINDOWS\system32\config\systemprofile\AppData\Local\Microsoft\WindowsApps;C:\WINDOWS\System32\Wbem;C:\Program Files\dotnet\;C:\Program Files\Git\cmd;C:\SeleniumSoftwares\apache-maven-3.6.2\\bin;C:\Program Files\Java\jdk1.8.0_211\bin;."/>
    <property name="java.vm.vendor" value="Oracle Corporation"/>
    <property name="APPDATA" value="C:\Users\nagaswetha.korlapati\AppData\Roaming"/>
    <property name="java.runtime.name" value="Java(TM) SE Runtime Environment"/>
    <property name="maven.home" value="C:\SeleniumSoftwares\apache-maven-3.6.2"/>
    <property name="java.class.path" value="C:\Users\nagaswetha.korlapati\.jenkins\plugins\maven-plugin\WEB-INF\lib\maven35-agent-1.13.jar;C:\SeleniumSoftwares\apache-maven-3.6.2\boot\plexus-classworlds-2.6.0.jar;C:\SeleniumSoftwares\apache-maven-3.6.2/conf/logging"/>
    <property name="sun.java.command" value="jenkins.maven3.agent.Maven35Main C:\SeleniumSoftwares\apache-maven-3.6.2\ C:\Users\nagaswetha.korlapati\.jenkins\war\WEB-INF\lib\remoting-3.35.jar C:\Users\nagaswetha.korlapati\.jenkins\plugins\maven-plugin\WEB-INF\lib\maven35-interceptor-1.13.jar C:\Users\nagaswetha.korlapati\.jenkins\plugins\maven-plugin\WEB-INF\lib\maven3-interceptor-commons-1.13.jar 50507"/>
    <property name="Path" value="C:\Program Files\Java\jdk1.8.0_211/bin;C:\Program Files (x86)\Common Files\Oracle\Java\javapath;\\dir.svc.accenture.com\SysVol\dir.svc.accenture.com\Policies\{346C6F64-D736-40DD-AA42-F50D440BA9B3}\Machine\Scripts\Startup;C:\Program Files\Java\jdk1.8.0_211\bin;C:\WINDOWS\system32\config\systemprofile\AppData\Local\Microsoft\WindowsApps;C:\WINDOWS\System32\Wbem;C:\Program Files\dotnet\;C:\Program Files\Git\cmd;C:\SeleniumSoftwares\apache-maven-3.6.2\\bin;C:\Program Files\Java\jdk1.8.0_211\bin"/>
    <property name="java.vm.specification.name" value="Java Virtual Machine Specification"/>
    <property name="PROCESSOR_ARCHITECTURE" value="AMD64"/>
    <property name="PATH+JDK" value="C:\Program Files\Java\jdk1.8.0_211/bin"/>
    <property name="PROCESSOR_IDENTIFIER" value="AMD64 Family 21 Model 48 Stepping 1, AuthenticAMD"/>
    <property name="SESSIONNAME" value="Console"/>
    <property name="java.vm.specification.version" value="1.8"/>
    <property name="sun.os.patch.level" value=""/>
    <property name="sun.cpu.endian" value="little"/>
    <property name="M2_HOME" value="C:\SeleniumSoftwares\apache-maven-3.6.2\"/>
    <property name="java.io.tmpdir" value="C:\Users\NAGASW~1.KOR\AppData\Local\Temp\"/>
    <property name="OS" value="Windows_NT"/>
    <property name="HUDSON_HOME" value="C:\Users\nagaswetha.korlapati\.jenkins"/>
    <property name="PATH+MAVEN" value="C:\SeleniumSoftwares\apache-maven-3.6.2\/bin"/>
    <property name="ProgramFiles(x86)" value="C:\Program Files (x86)"/>
    <property name="BUILD_URL" value="http://localhost:3124/job/testNGProj/9/"/>
    <property name="java.vendor.url.bug" value="http://bugreport.sun.com/bugreport/"/>
    <property name="java.awt.graphicsenv" value="sun.awt.Win32GraphicsEnvironment"/>
    <property name="os.arch" value="amd64"/>
    <property name="SystemRoot" value="C:\WINDOWS"/>
    <property name="java.ext.dirs" value="C:\Program Files\Java\jdk1.8.0_211\jre\lib\ext;C:\WINDOWS\Sun\Java\lib\ext"/>
    <property name="user.dir" value="C:\Users\nagaswetha.korlapati\Desktop\Selenium\WorkSpace\testNG_Jenkins"/>
    <property name="JOB_URL" value="http://localhost:3124/job/testNGProj/"/>
    <property name="LOGONSERVER" value="\\AMRDC4212"/>
    <property name="USERDOMAIN" value="DIR"/>
    <property name="line.separator" value="&#10;"/>
    <property name="MAVEN_HOME" value="C:\SeleniumSoftwares\apache-maven-3.6.2\"/>
    <property name="java.vm.name" value="Java HotSpot(TM) 64-Bit Server VM"/>
    <property name="BUILD_NUMBER" value="9"/>
    <property name="JENKINS_URL" value="http://localhost:3124/"/>
    <property name="PROCESSOR_REVISION" value="3001"/>
    <property name="UATDATA" value="C:\windows\CCM\UATData\D9F8C395-CAB8-491d-B8AC-179A1FE1BE77"/>
    <property name="ProgramW6432" value="C:\Program Files"/>
    <property name="windir" value="C:\WINDOWS"/>
    <property name="=C:" value="C:\SeleniumSoftwares"/>
    <property name="file.encoding" value="Cp1252"/>
    <property name="SystemDrive" value="C:"/>
    <property name="maven3.interceptor" value="C:\Users\nagaswetha.korlapati\.jenkins\plugins\maven-plugin\WEB-INF\lib\maven35-interceptor-1.13.jar"/>
    <property name="WORKSPACE" value="C:\Users\nagaswetha.korlapati\.jenkins\workspace\testNGProj"/>
    <property name="maven3.interceptor.common" value="C:\Users\nagaswetha.korlapati\.jenkins\plugins\maven-plugin\WEB-INF\lib\maven3-interceptor-commons-1.13.jar"/>
    <property name="java.specification.version" value="1.8"/>
    <property name="PSModulePath" value="C:\Program Files\WindowsPowerShell\Modules;C:\WINDOWS\system32\WindowsPowerShell\v1.0\Modules;C:\Program Files (x86)\Microsoft Azure Information Protection\Powershell"/>
    <property name="DriverData" value="C:\Windows\System32\Drivers\DriverData"/>
  </properties>
  <testcase name="testSlider" classname="testNG_Programs.AutomatingSlides" time="61.991"/>
</testsuite>