<?xml version="1.0" encoding="UTF-8"?>
<!-- Generated by org.testng.reporters.JUnitReportReporter -->
<testsuite skipped="0" hostname="HDC3-L-54850B4" name="testNG_Programs.AutomatingSlides" tests="1" failures="0" timestamp="18 Nov 2019 05:19:20 GMT" time="61.982" errors="0">
  <testcase name="testSlider" time="61.982" classname="testNG_Programs.AutomatingSlides"/>
</testsuite> <!-- testNG_Programs.AutomatingSlides -->
